Flutter crash report; please file at https://github.com/flutter/flutter/issues.

## command

flutter --no-color run --machine --track-widget-creation --device-id=emulator-5554 lib/main.dart

## exception

FileSystemException: FileSystemException: Cannot open file, path = '/home/adil/Documents/eserlibrary/.packages' (OS Error: No such file or directory, errno = 2)

```
#0      _File.throwIfError (dart:io/file_impl.dart:645:7)
#1      _File.openSync (dart:io/file_impl.dart:489:5)
#2      _File.readAsBytesSync (dart:io/file_impl.dart:549:18)
#3      ForwardingFile.readAsBytesSync (package:file/src/forwarding/forwarding_file.dart:95:62)
#4      _parse (package:flutter_tools/src/dart/package_map.dart:13:50)
#5      PackageMap.load (package:flutter_tools/src/dart/package_map.dart:37:14)
#6      PackageMap.map (package:flutter_tools/src/dart/package_map.dart:41:5)
#7      new PackageUriMapper (package:flutter_tools/src/compile.dart:202:84)
#8      DefaultResidentCompiler._recompile (package:flutter_tools/src/compile.dart:590:26)
#9      _RecompileRequest._run (package:flutter_tools/src/compile.dart:415:16)
#10     _CompilationRequest.run (package:flutter_tools/src/compile.dart:395:30)
#11     DefaultResidentCompiler._handleCompilationRequest (package:flutter_tools/src/compile.dart:634:23)
#12     _rootRunUnary (dart:async/zone.dart:1138:13)
#13     _CustomZone.runUnary (dart:async/zone.dart:1031:19)
#14     _CustomZone.runUnaryGuarded (dart:async/zone.dart:933:7)
#15     _BufferingStreamSubscription._sendData (dart:async/stream_impl.dart:338:11)
#16     _DelayedData.perform (dart:async/stream_impl.dart:593:14)
#17     _StreamImplEvents.handleNext (dart:async/stream_impl.dart:709:11)
#18     _PendingEvents.schedule.<anonymous closure> (dart:async/stream_impl.dart:669:7)
#19     _rootRun (dart:async/zone.dart:1122:38)
#20     _CustomZone.run (dart:async/zone.dart:1023:19)
#21     _CustomZone.runGuarded (dart:async/zone.dart:925:7)
#22     _CustomZone.bindCallbackGuarded.<anonymous closure> (dart:async/zone.dart:965:23)
#23     _rootRun (dart:async/zone.dart:1126:13)
#24     _CustomZone.run (dart:async/zone.dart:1023:19)
#25     _CustomZone.runGuarded (dart:async/zone.dart:925:7)
#26     _CustomZone.bindCallbackGuarded.<anonymous closure> (dart:async/zone.dart:965:23)
#27     _microtaskLoop (dart:async/schedule_microtask.dart:43:21)
#28     _startMicrotaskLoop (dart:async/schedule_microtask.dart:52:5)
#29     _runPendingImmediateCallback (dart:isolate-patch/isolate_patch.dart:118:13)
#30     _RawReceivePortImpl._handleMessage (dart:isolate-patch/isolate_patch.dart:175:5)
```

## flutter doctor

```
[✓] Flutter (Channel stable, v1.12.13+hotfix.8, on Linux, locale en_US.UTF-8)
    • Flutter version 1.12.13+hotfix.8 at /home/adil/Documents/flutter
    • Framework revision 0b8abb4724 (7 weeks ago), 2020-02-11 11:44:36 -0800
    • Engine revision e1e6ced81d
    • Dart version 2.7.0

[✓] Android toolchain - develop for Android devices (Android SDK version 29.0.3)
    • Android SDK at /home/adil/Android/Sdk
    • Android NDK location not configured (optional; useful for native profiling support)
    • Platform android-29, build-tools 29.0.3
    • Java binary at: /snap/android-studio/84/android-studio/jre/bin/java
    • Java version OpenJDK Runtime Environment (build 1.8.0_212-release-1586-b4-5784211)
    • All Android licenses accepted.

[✓] Android Studio (version 3.6)
    • Android Studio at /snap/android-studio/84/android-studio
    • Flutter plugin version 44.0.2
    • Dart plugin version 192.7761
    • Java version OpenJDK Runtime Environment (build 1.8.0_212-release-1586-b4-5784211)

[✓] IntelliJ IDEA Community Edition (version 2019.3)
    • IntelliJ at /home/adil/Downloads/ideaIC-2019.3.3/idea-IC-193.6494.35
    • Flutter plugin version 44.0.3
    • Dart plugin version 193.6494.35

[✓] Connected device (1 available)
    • Android SDK built for x86 • emulator-5554 • android-x86 • Android 10 (API 29) (emulator)

• No issues found!
```
